<?xml version="1.0" encoding="UTF-8"?>
<!-- Generated by org.testng.reporters.JUnitReportReporter -->
<testsuite hostname="DESKTOP-D0QCN09" failures="0" tests="1" name="reference.Class1" time="0.006" errors="0" timestamp="2023-03-10T15:34:11 IST" skipped="0">
  <testcase classname="reference.Class1" name="class1" time="0.006"/>
  <system-out/>
</testsuite> <!-- reference.Class1 -->
